[INFO] Scanning for projects...
[INFO] ------------------------------------------------------------------------
[INFO] Building Taoki
[INFO]    task-segment: [test]
[INFO] ------------------------------------------------------------------------
[INFO] [resources:resources {execution: default-resources}]
[INFO] Using 'UTF-8' encoding to copy filtered resources.
[INFO] Copying 0 resource
Downloading: http://nexus.bybn.de/content/groups/public/org/restlet/jse/org.restlet.parent/2.0-SNAPSHOT/org.restlet.parent-2.0-SNAPSHOT.pom
[INFO] Unable to find resource 'org.restlet.jse:org.restlet.parent:pom:2.0-SNAPSHOT' in repository taoki-repo (http://taoki.googlecode.com/svn/repository)
Downloading: http://nexus.bybn.de/content/groups/public/org/restlet/jse/org.restlet.parent/2.0-SNAPSHOT/org.restlet.parent-2.0-SNAPSHOT.pom
[INFO] Unable to find resource 'org.restlet.jse:org.restlet.parent:pom:2.0-SNAPSHOT' in repository maven-restlet (http://maven.restlet.org)
Downloading: http://nexus.bybn.de/content/groups/public/org/restlet/jse/org.restlet.parent/2.0-SNAPSHOT/org.restlet.parent-2.0-SNAPSHOT.pom
[INFO] Unable to find resource 'org.restlet.jse:org.restlet.parent:pom:2.0-SNAPSHOT' in repository maven-gae-plugin (http://maven-gae-plugin.googlecode.com/svn/repository)
Downloading: http://nexus.bybn.de/content/groups/public/org/restlet/jse/org.restlet.parent/2.0-SNAPSHOT/org.restlet.parent-2.0-SNAPSHOT.pom
[INFO] Unable to find resource 'org.restlet.jse:org.restlet.parent:pom:2.0-SNAPSHOT' in repository maven2-repository.dev.java.net (http://download.java.net/maven/2/)
Downloading: http://nexus.bybn.de/content/groups/public/org/restlet/jse/org.restlet.parent/2.0-SNAPSHOT/org.restlet.parent-2.0-SNAPSHOT.pom
[INFO] Unable to find resource 'org.restlet.jse:org.restlet.parent:pom:2.0-SNAPSHOT' in repository maven-central (http://repo1.maven.org/maven2/)
Downloading: http://nexus.bybn.de/content/groups/public/org/restlet/jse/org.restlet.parent/2.0-SNAPSHOT/org.restlet.parent-2.0-SNAPSHOT.pom
[INFO] Unable to find resource 'org.restlet.jse:org.restlet.parent:pom:2.0-SNAPSHOT' in repository maven2-java (http://download.java.net/maven/2)
Downloading: http://nexus.bybn.de/content/groups/public/org.restlet.jse/poms/org.restlet.parent-2.0-SNAPSHOT.pom
[INFO] Unable to find resource 'org.restlet.jse:org.restlet.parent:pom:2.0-SNAPSHOT' in repository maven1-java (http://download.java.net/maven/1)
Downloading: http://nexus.bybn.de/content/groups/public/org/restlet/jse/org.restlet.parent/2.0-SNAPSHOT/org.restlet.parent-2.0-SNAPSHOT.pom
[INFO] Unable to find resource 'org.restlet.jse:org.restlet.parent:pom:2.0-SNAPSHOT' in repository taoki-repo (http://taoki.googlecode.com/svn/repository)
Downloading: http://nexus.bybn.de/content/groups/public/org/restlet/jse/org.restlet.parent/2.0-SNAPSHOT/org.restlet.parent-2.0-SNAPSHOT.pom
[INFO] Unable to find resource 'org.restlet.jse:org.restlet.parent:pom:2.0-SNAPSHOT' in repository maven-restlet (http://maven.restlet.org)
Downloading: http://nexus.bybn.de/content/groups/public/org/restlet/jse/org.restlet.parent/2.0-SNAPSHOT/org.restlet.parent-2.0-SNAPSHOT.pom
[INFO] Unable to find resource 'org.restlet.jse:org.restlet.parent:pom:2.0-SNAPSHOT' in repository maven-gae-plugin (http://maven-gae-plugin.googlecode.com/svn/repository)
Downloading: http://nexus.bybn.de/content/groups/public/org/restlet/jse/org.restlet.parent/2.0-SNAPSHOT/org.restlet.parent-2.0-SNAPSHOT.pom
[INFO] Unable to find resource 'org.restlet.jse:org.restlet.parent:pom:2.0-SNAPSHOT' in repository maven2-repository.dev.java.net (http://download.java.net/maven/2/)
Downloading: http://nexus.bybn.de/content/groups/public/org/restlet/jse/org.restlet.parent/2.0-SNAPSHOT/org.restlet.parent-2.0-SNAPSHOT.pom
[INFO] Unable to find resource 'org.restlet.jse:org.restlet.parent:pom:2.0-SNAPSHOT' in repository maven-central (http://repo1.maven.org/maven2/)
Downloading: http://nexus.bybn.de/content/groups/public/org/restlet/jse/org.restlet.parent/2.0-SNAPSHOT/org.restlet.parent-2.0-SNAPSHOT.pom
[INFO] Unable to find resource 'org.restlet.jse:org.restlet.parent:pom:2.0-SNAPSHOT' in repository maven2-java (http://download.java.net/maven/2)
Downloading: http://nexus.bybn.de/content/groups/public/org.restlet.jse/poms/org.restlet.parent-2.0-SNAPSHOT.pom
[INFO] Unable to find resource 'org.restlet.jse:org.restlet.parent:pom:2.0-SNAPSHOT' in repository maven1-java (http://download.java.net/maven/1)
[INFO] [compiler:compile {execution: default-compile}]
[INFO] Nothing to compile - all classes are up to date
[INFO] [resources:testResources {execution: default-testResources}]
[INFO] Using 'UTF-8' encoding to copy filtered resources.
[INFO] Copying 0 resource
Downloading: http://nexus.bybn.de/content/groups/public/org/restlet/jse/org.restlet.parent/2.0-SNAPSHOT/org.restlet.parent-2.0-SNAPSHOT.pom
[INFO] Unable to find resource 'org.restlet.jse:org.restlet.parent:pom:2.0-SNAPSHOT' in repository taoki-repo (http://taoki.googlecode.com/svn/repository)
Downloading: http://nexus.bybn.de/content/groups/public/org/restlet/jse/org.restlet.parent/2.0-SNAPSHOT/org.restlet.parent-2.0-SNAPSHOT.pom
[INFO] Unable to find resource 'org.restlet.jse:org.restlet.parent:pom:2.0-SNAPSHOT' in repository maven-restlet (http://maven.restlet.org)
Downloading: http://nexus.bybn.de/content/groups/public/org/restlet/jse/org.restlet.parent/2.0-SNAPSHOT/org.restlet.parent-2.0-SNAPSHOT.pom
[INFO] Unable to find resource 'org.restlet.jse:org.restlet.parent:pom:2.0-SNAPSHOT' in repository maven-gae-plugin (http://maven-gae-plugin.googlecode.com/svn/repository)
Downloading: http://nexus.bybn.de/content/groups/public/org/restlet/jse/org.restlet.parent/2.0-SNAPSHOT/org.restlet.parent-2.0-SNAPSHOT.pom
[INFO] Unable to find resource 'org.restlet.jse:org.restlet.parent:pom:2.0-SNAPSHOT' in repository maven2-repository.dev.java.net (http://download.java.net/maven/2/)
Downloading: http://nexus.bybn.de/content/groups/public/org/restlet/jse/org.restlet.parent/2.0-SNAPSHOT/org.restlet.parent-2.0-SNAPSHOT.pom
[INFO] Unable to find resource 'org.restlet.jse:org.restlet.parent:pom:2.0-SNAPSHOT' in repository maven-central (http://repo1.maven.org/maven2/)
Downloading: http://nexus.bybn.de/content/groups/public/org/restlet/jse/org.restlet.parent/2.0-SNAPSHOT/org.restlet.parent-2.0-SNAPSHOT.pom
[INFO] Unable to find resource 'org.restlet.jse:org.restlet.parent:pom:2.0-SNAPSHOT' in repository maven2-java (http://download.java.net/maven/2)
Downloading: http://nexus.bybn.de/content/groups/public/org.restlet.jse/poms/org.restlet.parent-2.0-SNAPSHOT.pom
[INFO] Unable to find resource 'org.restlet.jse:org.restlet.parent:pom:2.0-SNAPSHOT' in repository maven1-java (http://download.java.net/maven/1)
Downloading: http://nexus.bybn.de/content/groups/public/org/restlet/jse/org.restlet.parent/2.0-SNAPSHOT/org.restlet.parent-2.0-SNAPSHOT.pom
[INFO] Unable to find resource 'org.restlet.jse:org.restlet.parent:pom:2.0-SNAPSHOT' in repository taoki-repo (http://taoki.googlecode.com/svn/repository)
Downloading: http://nexus.bybn.de/content/groups/public/org/restlet/jse/org.restlet.parent/2.0-SNAPSHOT/org.restlet.parent-2.0-SNAPSHOT.pom
[INFO] Unable to find resource 'org.restlet.jse:org.restlet.parent:pom:2.0-SNAPSHOT' in repository maven-restlet (http://maven.restlet.org)
Downloading: http://nexus.bybn.de/content/groups/public/org/restlet/jse/org.restlet.parent/2.0-SNAPSHOT/org.restlet.parent-2.0-SNAPSHOT.pom
[INFO] Unable to find resource 'org.restlet.jse:org.restlet.parent:pom:2.0-SNAPSHOT' in repository maven-gae-plugin (http://maven-gae-plugin.googlecode.com/svn/repository)
Downloading: http://nexus.bybn.de/content/groups/public/org/restlet/jse/org.restlet.parent/2.0-SNAPSHOT/org.restlet.parent-2.0-SNAPSHOT.pom
[INFO] Unable to find resource 'org.restlet.jse:org.restlet.parent:pom:2.0-SNAPSHOT' in repository maven2-repository.dev.java.net (http://download.java.net/maven/2/)
Downloading: http://nexus.bybn.de/content/groups/public/org/restlet/jse/org.restlet.parent/2.0-SNAPSHOT/org.restlet.parent-2.0-SNAPSHOT.pom
[INFO] Unable to find resource 'org.restlet.jse:org.restlet.parent:pom:2.0-SNAPSHOT' in repository maven-central (http://repo1.maven.org/maven2/)
Downloading: http://nexus.bybn.de/content/groups/public/org/restlet/jse/org.restlet.parent/2.0-SNAPSHOT/org.restlet.parent-2.0-SNAPSHOT.pom
[INFO] Unable to find resource 'org.restlet.jse:org.restlet.parent:pom:2.0-SNAPSHOT' in repository maven2-java (http://download.java.net/maven/2)
Downloading: http://nexus.bybn.de/content/groups/public/org.restlet.jse/poms/org.restlet.parent-2.0-SNAPSHOT.pom
[INFO] Unable to find resource 'org.restlet.jse:org.restlet.parent:pom:2.0-SNAPSHOT' in repository maven1-java (http://download.java.net/maven/1)
[INFO] [compiler:testCompile {execution: default-testCompile}]
[INFO] Nothing to compile - all classes are up to date
Downloading: http://nexus.bybn.de/content/groups/public/org/restlet/jse/org.restlet.parent/2.0-SNAPSHOT/org.restlet.parent-2.0-SNAPSHOT.pom
[INFO] Unable to find resource 'org.restlet.jse:org.restlet.parent:pom:2.0-SNAPSHOT' in repository taoki-repo (http://taoki.googlecode.com/svn/repository)
Downloading: http://nexus.bybn.de/content/groups/public/org/restlet/jse/org.restlet.parent/2.0-SNAPSHOT/org.restlet.parent-2.0-SNAPSHOT.pom
[INFO] Unable to find resource 'org.restlet.jse:org.restlet.parent:pom:2.0-SNAPSHOT' in repository maven-restlet (http://maven.restlet.org)
Downloading: http://nexus.bybn.de/content/groups/public/org/restlet/jse/org.restlet.parent/2.0-SNAPSHOT/org.restlet.parent-2.0-SNAPSHOT.pom
[INFO] Unable to find resource 'org.restlet.jse:org.restlet.parent:pom:2.0-SNAPSHOT' in repository maven-gae-plugin (http://maven-gae-plugin.googlecode.com/svn/repository)
Downloading: http://nexus.bybn.de/content/groups/public/org/restlet/jse/org.restlet.parent/2.0-SNAPSHOT/org.restlet.parent-2.0-SNAPSHOT.pom
[INFO] Unable to find resource 'org.restlet.jse:org.restlet.parent:pom:2.0-SNAPSHOT' in repository maven2-repository.dev.java.net (http://download.java.net/maven/2/)
Downloading: http://nexus.bybn.de/content/groups/public/org/restlet/jse/org.restlet.parent/2.0-SNAPSHOT/org.restlet.parent-2.0-SNAPSHOT.pom
[INFO] Unable to find resource 'org.restlet.jse:org.restlet.parent:pom:2.0-SNAPSHOT' in repository maven-central (http://repo1.maven.org/maven2/)
Downloading: http://nexus.bybn.de/content/groups/public/org/restlet/jse/org.restlet.parent/2.0-SNAPSHOT/org.restlet.parent-2.0-SNAPSHOT.pom
[INFO] Unable to find resource 'org.restlet.jse:org.restlet.parent:pom:2.0-SNAPSHOT' in repository maven2-java (http://download.java.net/maven/2)
Downloading: http://nexus.bybn.de/content/groups/public/org.restlet.jse/poms/org.restlet.parent-2.0-SNAPSHOT.pom
[INFO] Unable to find resource 'org.restlet.jse:org.restlet.parent:pom:2.0-SNAPSHOT' in repository maven1-java (http://download.java.net/maven/1)
Downloading: http://nexus.bybn.de/content/groups/public/org/restlet/jse/org.restlet.parent/2.0-SNAPSHOT/org.restlet.parent-2.0-SNAPSHOT.pom
[INFO] Unable to find resource 'org.restlet.jse:org.restlet.parent:pom:2.0-SNAPSHOT' in repository taoki-repo (http://taoki.googlecode.com/svn/repository)
Downloading: http://nexus.bybn.de/content/groups/public/org/restlet/jse/org.restlet.parent/2.0-SNAPSHOT/org.restlet.parent-2.0-SNAPSHOT.pom
[INFO] Unable to find resource 'org.restlet.jse:org.restlet.parent:pom:2.0-SNAPSHOT' in repository maven-restlet (http://maven.restlet.org)
Downloading: http://nexus.bybn.de/content/groups/public/org/restlet/jse/org.restlet.parent/2.0-SNAPSHOT/org.restlet.parent-2.0-SNAPSHOT.pom
[INFO] Unable to find resource 'org.restlet.jse:org.restlet.parent:pom:2.0-SNAPSHOT' in repository maven-gae-plugin (http://maven-gae-plugin.googlecode.com/svn/repository)
Downloading: http://nexus.bybn.de/content/groups/public/org/restlet/jse/org.restlet.parent/2.0-SNAPSHOT/org.restlet.parent-2.0-SNAPSHOT.pom
[INFO] Unable to find resource 'org.restlet.jse:org.restlet.parent:pom:2.0-SNAPSHOT' in repository maven2-repository.dev.java.net (http://download.java.net/maven/2/)
Downloading: http://nexus.bybn.de/content/groups/public/org/restlet/jse/org.restlet.parent/2.0-SNAPSHOT/org.restlet.parent-2.0-SNAPSHOT.pom
[INFO] Unable to find resource 'org.restlet.jse:org.restlet.parent:pom:2.0-SNAPSHOT' in repository maven-central (http://repo1.maven.org/maven2/)
Downloading: http://nexus.bybn.de/content/groups/public/org/restlet/jse/org.restlet.parent/2.0-SNAPSHOT/org.restlet.parent-2.0-SNAPSHOT.pom
[INFO] Unable to find resource 'org.restlet.jse:org.restlet.parent:pom:2.0-SNAPSHOT' in repository maven2-java (http://download.java.net/maven/2)
Downloading: http://nexus.bybn.de/content/groups/public/org.restlet.jse/poms/org.restlet.parent-2.0-SNAPSHOT.pom
[INFO] Unable to find resource 'org.restlet.jse:org.restlet.parent:pom:2.0-SNAPSHOT' in repository maven1-java (http://download.java.net/maven/1)
[INFO] [surefire:test {execution: default-test}]
[INFO] Surefire report directory: /home/pehlh/Projekte/GoogleCode/Taoki/impl/target/surefire-reports

-------------------------------------------------------
 T E S T S
-------------------------------------------------------
Running name.pehl.taoki.paging.NumbersHeaderResourceIntegrationTest
10.09.2010 14:09:31 org.restlet.engine.http.connector.HttpServerHelper start
INFO: Starting the default [HTTP/1.1] server on port 1337
10.09.2010 14:09:31 org.restlet.engine.http.connector.HttpClientHelper start
INFO: Starting the default HTTP client
10.09.2010 14:09:31 org.restlet.engine.log.LogFilter afterHandle
INFO: 2010-09-10	14:09:31	127.0.0.1	-	-	1337	GET	/numbers	-	200	30	0	85	http://localhost:1337	Restlet-Framework/2.0rc4	-
10.09.2010 14:09:31 org.restlet.engine.http.connector.HttpServerHelper stop
INFO: Stopping the default HTTP server
10.09.2010 14:09:32 org.restlet.engine.http.connector.HttpServerHelper start
INFO: Starting the default [HTTP/1.1] server on port 1337
10.09.2010 14:09:32 org.restlet.engine.http.connector.HttpClientHelper start
INFO: Starting the default HTTP client
10.09.2010 14:09:32 name.pehl.taoki.paging.AbstractPagingResource getPageInfo
SCHWERWIEGEND: Could not read page info from "foo": Paging info has the wrong format. Expected: ^items=([0-9]+)-([0-9]+)(;([\w]+)(:(asc|desc|none))?)?, given: "foo"
name.pehl.taoki.paging.parser.PageInfoParseException: Paging info has the wrong format. Expected: ^items=([0-9]+)-([0-9]+)(;([\w]+)(:(asc|desc|none))?)?, given: "foo"
	at name.pehl.taoki.paging.parser.HeaderPageInfoParser.parse(HeaderPageInfoParser.java:81)
	at name.pehl.taoki.paging.AbstractPagingResource.getPageInfo(AbstractPagingResource.java:61)
	at name.pehl.taoki.paging.NumbersHeaderResource.represent(NumbersHeaderResource.java:19)
	at sun.reflect.NativeMethodAccessorImpl.invoke0(Native Method)
	at sun.reflect.NativeMethodAccessorImpl.invoke(NativeMethodAccessorImpl.java:57)
	at sun.reflect.DelegatingMethodAccessorImpl.invoke(DelegatingMethodAccessorImpl.java:43)
	at java.lang.reflect.Method.invoke(Method.java:616)
	at org.restlet.resource.ServerResource.doHandle(ServerResource.java:452)
	at org.restlet.resource.ServerResource.get(ServerResource.java:617)
	at org.restlet.resource.ServerResource.doHandle(ServerResource.java:499)
	at org.restlet.resource.ServerResource.doNegotiatedHandle(ServerResource.java:559)
	at org.restlet.resource.ServerResource.doConditionalHandle(ServerResource.java:291)
	at org.restlet.resource.ServerResource.handle(ServerResource.java:803)
	at org.restlet.resource.Finder.handle(Finder.java:514)
	at org.restlet.routing.Filter.doHandle(Filter.java:156)
	at org.restlet.routing.Filter.handle(Filter.java:203)
	at org.restlet.routing.Router.doHandle(Router.java:495)
	at org.restlet.routing.Router.handle(Router.java:735)
	at org.restlet.routing.Filter.doHandle(Filter.java:156)
	at org.restlet.routing.Filter.handle(Filter.java:203)
	at org.restlet.routing.Filter.doHandle(Filter.java:156)
	at org.restlet.routing.Filter.handle(Filter.java:203)
	at org.restlet.routing.Filter.doHandle(Filter.java:156)
	at org.restlet.engine.application.StatusFilter.doHandle(StatusFilter.java:152)
	at org.restlet.routing.Filter.handle(Filter.java:203)
	at org.restlet.routing.Filter.doHandle(Filter.java:156)
	at org.restlet.routing.Filter.handle(Filter.java:203)
	at org.restlet.engine.ChainHelper.handle(ChainHelper.java:111)
	at org.restlet.engine.application.ApplicationHelper.handle(ApplicationHelper.java:72)
	at org.restlet.Application.handle(Application.java:379)
	at org.restlet.routing.Filter.doHandle(Filter.java:156)
	at org.restlet.routing.Filter.handle(Filter.java:203)
	at org.restlet.routing.Router.doHandle(Router.java:495)
	at org.restlet.routing.Router.handle(Router.java:735)
	at org.restlet.routing.Filter.doHandle(Filter.java:156)
	at org.restlet.routing.Filter.handle(Filter.java:203)
	at org.restlet.routing.Router.doHandle(Router.java:495)
	at org.restlet.routing.Router.handle(Router.java:735)
	at org.restlet.routing.Filter.doHandle(Filter.java:156)
	at org.restlet.engine.application.StatusFilter.doHandle(StatusFilter.java:152)
	at org.restlet.routing.Filter.handle(Filter.java:203)
	at org.restlet.routing.Filter.doHandle(Filter.java:156)
	at org.restlet.routing.Filter.handle(Filter.java:203)
	at org.restlet.engine.ChainHelper.handle(ChainHelper.java:111)
	at org.restlet.Component.handle(Component.java:385)
	at org.restlet.Server.handle(Server.java:474)
	at org.restlet.engine.http.connector.BaseServerHelper.handle(BaseServerHelper.java:158)
	at org.restlet.engine.http.connector.BaseServerHelper.handleInbound(BaseServerHelper.java:167)
	at org.restlet.engine.http.connector.BaseHelper.handleNextInbound(BaseHelper.java:418)
	at org.restlet.engine.http.connector.Connection.readMessages(Connection.java:708)
	at org.restlet.engine.http.connector.Controller$2.run(Controller.java:94)
	at java.util.concurrent.ThreadPoolExecutor.runWorker(ThreadPoolExecutor.java:1110)
	at java.util.concurrent.ThreadPoolExecutor$Worker.run(ThreadPoolExecutor.java:603)
	at java.lang.Thread.run(Thread.java:636)
10.09.2010 14:09:32 org.restlet.engine.log.LogFilter afterHandle
INFO: 2010-09-10	14:09:32	127.0.0.1	-	-	1337	GET	/numbers	-	200	30	0	8	http://localhost:1337	Restlet-Framework/2.0rc4	-
10.09.2010 14:09:32 org.restlet.engine.http.connector.HttpServerHelper stop
INFO: Stopping the default HTTP server
10.09.2010 14:09:32 org.restlet.engine.http.connector.HttpServerHelper start
INFO: Starting the default [HTTP/1.1] server on port 1337
10.09.2010 14:09:32 org.restlet.engine.http.connector.HttpClientHelper start
INFO: Starting the default HTTP client
10.09.2010 14:09:32 org.restlet.engine.log.LogFilter afterHandle
INFO: 2010-09-10	14:09:32	127.0.0.1	-	-	1337	GET	/numbers	-	200	97	0	26	http://localhost:1337	Restlet-Framework/2.0rc4	-
10.09.2010 14:09:32 org.restlet.engine.http.connector.HttpServerHelper stop
INFO: Stopping the default HTTP server
Tests run: 3, Failures: 0, Errors: 0, Skipped: 0, Time elapsed: 2.066 sec
Running name.pehl.taoki.paging.PageInfoTest
Tests run: 5, Failures: 0, Errors: 0, Skipped: 0, Time elapsed: 0.035 sec
Running name.pehl.taoki.paging.parser.QueryPageInfoParserTest
Tests run: 4, Failures: 0, Errors: 0, Skipped: 0, Time elapsed: 0.017 sec
Running name.pehl.taoki.paging.SortInfoTest
Tests run: 1, Failures: 0, Errors: 0, Skipped: 0, Time elapsed: 0.007 sec
Running name.pehl.taoki.paging.parser.HeaderPageInfoParserTest
Tests run: 4, Failures: 0, Errors: 0, Skipped: 0, Time elapsed: 0.017 sec
Running name.pehl.taoki.paging.parser.UrlPageInfoParserTest
Tests run: 4, Failures: 0, Errors: 0, Skipped: 0, Time elapsed: 0.011 sec
Running name.pehl.taoki.security.HitchhikingResourceSecuredAnnotationIntegrationTest
10.09.2010 14:09:33 org.restlet.engine.http.connector.HttpServerHelper start
INFO: Starting the default [HTTP/1.1] server on port 1337
10.09.2010 14:09:33 org.restlet.engine.http.connector.HttpClientHelper start
INFO: Starting the default HTTP client
10.09.2010 14:09:33 org.restlet.engine.log.LogFilter afterHandle
INFO: 2010-09-10	14:09:33	127.0.0.1	-	-	1337	GET	/hitchhiking	-	403	314	0	3	http://localhost:1337	Restlet-Framework/2.0rc4	-
10.09.2010 14:09:34 org.restlet.engine.http.connector.HttpServerHelper stop
INFO: Stopping the default HTTP server
10.09.2010 14:09:34 org.restlet.engine.http.connector.HttpServerHelper start
INFO: Starting the default [HTTP/1.1] server on port 1337
10.09.2010 14:09:34 org.restlet.engine.http.connector.HttpClientHelper start
INFO: Starting the default HTTP client
10.09.2010 14:09:34 org.restlet.engine.log.LogFilter afterHandle
INFO: 2010-09-10	14:09:34	127.0.0.1	-	-	1337	GET	/hitchhiking	answer=41	403	314	0	2	http://localhost:1337	Restlet-Framework/2.0rc4	-
10.09.2010 14:09:34 org.restlet.engine.http.connector.HttpServerHelper stop
INFO: Stopping the default HTTP server
10.09.2010 14:09:34 org.restlet.engine.http.connector.HttpServerHelper start
INFO: Starting the default [HTTP/1.1] server on port 1337
10.09.2010 14:09:34 org.restlet.engine.http.connector.HttpClientHelper start
INFO: Starting the default HTTP client
10.09.2010 14:09:34 org.restlet.engine.log.LogFilter afterHandle
INFO: 2010-09-10	14:09:34	127.0.0.1	-	-	1337	GET	/hitchhiking	answer=42	200	9	0	76	http://localhost:1337	Restlet-Framework/2.0rc4	-
10.09.2010 14:09:34 org.restlet.engine.http.connector.HttpServerHelper stop
INFO: Stopping the default HTTP server
Tests run: 3, Failures: 0, Errors: 0, Skipped: 0, Time elapsed: 1.999 sec
Running name.pehl.taoki.paging.NumbersUrlResourceIntegrationTest
10.09.2010 14:09:35 org.restlet.engine.http.connector.HttpServerHelper start
INFO: Starting the default [HTTP/1.1] server on port 1337
10.09.2010 14:09:35 org.restlet.engine.http.connector.HttpClientHelper start
INFO: Starting the default HTTP client
10.09.2010 14:09:35 name.pehl.taoki.paging.AbstractPagingResource getPageInfo
SCHWERWIEGEND: Could not read page info from "{org.restlet.http.headers=[(Date,Fri, 10 Sep 2010 12:09:35 GMT), (Accept,*/*), (Host,localhost:1337), (User-Agent,Restlet-Framework/2.0rc4), (Content-Length,0)], org.restlet.startTime=1284120575263, pageSize=bar, offset=foo}": Paging info contains the invalid offset: "foo"
name.pehl.taoki.paging.parser.PageInfoParseException: Paging info contains the invalid offset: "foo"
	at name.pehl.taoki.paging.parser.AbstractPageInfoParser.convertInt(AbstractPageInfoParser.java:46)
	at name.pehl.taoki.paging.parser.UrlPageInfoParser.parse(UrlPageInfoParser.java:51)
	at name.pehl.taoki.paging.AbstractPagingResource.getPageInfo(AbstractPagingResource.java:61)
	at name.pehl.taoki.paging.NumbersUrlResource.represent(NumbersUrlResource.java:20)
	at sun.reflect.NativeMethodAccessorImpl.invoke0(Native Method)
	at sun.reflect.NativeMethodAccessorImpl.invoke(NativeMethodAccessorImpl.java:57)
	at sun.reflect.DelegatingMethodAccessorImpl.invoke(DelegatingMethodAccessorImpl.java:43)
	at java.lang.reflect.Method.invoke(Method.java:616)
	at org.restlet.resource.ServerResource.doHandle(ServerResource.java:452)
	at org.restlet.resource.ServerResource.get(ServerResource.java:617)
	at org.restlet.resource.ServerResource.doHandle(ServerResource.java:499)
	at org.restlet.resource.ServerResource.doNegotiatedHandle(ServerResource.java:559)
	at org.restlet.resource.ServerResource.doConditionalHandle(ServerResource.java:291)
	at org.restlet.resource.ServerResource.handle(ServerResource.java:803)
	at org.restlet.resource.Finder.handle(Finder.java:514)
	at org.restlet.routing.Filter.doHandle(Filter.java:156)
	at org.restlet.routing.Filter.handle(Filter.java:203)
	at org.restlet.routing.Router.doHandle(Router.java:495)
	at org.restlet.routing.Router.handle(Router.java:735)
	at org.restlet.routing.Filter.doHandle(Filter.java:156)
	at org.restlet.routing.Filter.handle(Filter.java:203)
	at org.restlet.routing.Filter.doHandle(Filter.java:156)
	at org.restlet.routing.Filter.handle(Filter.java:203)
	at org.restlet.routing.Filter.doHandle(Filter.java:156)
	at org.restlet.engine.application.StatusFilter.doHandle(StatusFilter.java:152)
	at org.restlet.routing.Filter.handle(Filter.java:203)
	at org.restlet.routing.Filter.doHandle(Filter.java:156)
	at org.restlet.routing.Filter.handle(Filter.java:203)
	at org.restlet.engine.ChainHelper.handle(ChainHelper.java:111)
	at org.restlet.engine.application.ApplicationHelper.handle(ApplicationHelper.java:72)
	at org.restlet.Application.handle(Application.java:379)
	at org.restlet.routing.Filter.doHandle(Filter.java:156)
	at org.restlet.routing.Filter.handle(Filter.java:203)
	at org.restlet.routing.Router.doHandle(Router.java:495)
	at org.restlet.routing.Router.handle(Router.java:735)
	at org.restlet.routing.Filter.doHandle(Filter.java:156)
	at org.restlet.routing.Filter.handle(Filter.java:203)
	at org.restlet.routing.Router.doHandle(Router.java:495)
	at org.restlet.routing.Router.handle(Router.java:735)
	at org.restlet.routing.Filter.doHandle(Filter.java:156)
	at org.restlet.engine.application.StatusFilter.doHandle(StatusFilter.java:152)
	at org.restlet.routing.Filter.handle(Filter.java:203)
	at org.restlet.routing.Filter.doHandle(Filter.java:156)
	at org.restlet.routing.Filter.handle(Filter.java:203)
	at org.restlet.engine.ChainHelper.handle(ChainHelper.java:111)
	at org.restlet.Component.handle(Component.java:385)
	at org.restlet.Server.handle(Server.java:474)
	at org.restlet.engine.http.connector.BaseServerHelper.handle(BaseServerHelper.java:158)
	at org.restlet.engine.http.connector.BaseServerHelper.handleInbound(BaseServerHelper.java:167)
	at org.restlet.engine.http.connector.BaseHelper.handleNextInbound(BaseHelper.java:418)
	at org.restlet.engine.http.connector.Connection.readMessages(Connection.java:708)
	at org.restlet.engine.http.connector.Controller$2.run(Controller.java:94)
	at java.util.concurrent.ThreadPoolExecutor.runWorker(ThreadPoolExecutor.java:1110)
	at java.util.concurrent.ThreadPoolExecutor$Worker.run(ThreadPoolExecutor.java:603)
	at java.lang.Thread.run(Thread.java:636)
10.09.2010 14:09:35 org.restlet.engine.log.LogFilter afterHandle
INFO: 2010-09-10	14:09:35	127.0.0.1	-	-	1337	GET	/numbers/foo/bar	-	200	30	0	13	http://localhost:1337	Restlet-Framework/2.0rc4	-
10.09.2010 14:09:35 org.restlet.engine.http.connector.HttpServerHelper stop
INFO: Stopping the default HTTP server
10.09.2010 14:09:35 org.restlet.engine.http.connector.HttpServerHelper start
INFO: Starting the default [HTTP/1.1] server on port 1337
10.09.2010 14:09:35 org.restlet.engine.http.connector.HttpClientHelper start
INFO: Starting the default HTTP client
10.09.2010 14:09:35 org.restlet.engine.log.LogFilter afterHandle
INFO: 2010-09-10	14:09:35	127.0.0.1	-	-	1337	GET	/numbers/5/19	-	200	97	0	2	http://localhost:1337	Restlet-Framework/2.0rc4	-
10.09.2010 14:09:35 org.restlet.engine.http.connector.HttpServerHelper stop
INFO: Stopping the default HTTP server
Tests run: 2, Failures: 0, Errors: 0, Skipped: 0, Time elapsed: 0.825 sec
Running name.pehl.taoki.paging.PageResultTest
Tests run: 10, Failures: 0, Errors: 0, Skipped: 0, Time elapsed: 0.013 sec
Running name.pehl.taoki.paging.NumbersQueryResourceIntegrationTest
10.09.2010 14:09:35 org.restlet.engine.http.connector.HttpServerHelper start
INFO: Starting the default [HTTP/1.1] server on port 1337
10.09.2010 14:09:35 org.restlet.engine.http.connector.HttpClientHelper start
INFO: Starting the default HTTP client
10.09.2010 14:09:36 name.pehl.taoki.paging.AbstractPagingResource getPageInfo
SCHWERWIEGEND: Could not read page info from "[]": Paging info contains the invalid offset: "null"
name.pehl.taoki.paging.parser.PageInfoParseException: Paging info contains the invalid offset: "null"
	at name.pehl.taoki.paging.parser.AbstractPageInfoParser.convertInt(AbstractPageInfoParser.java:46)
	at name.pehl.taoki.paging.parser.QueryPageInfoParser.parse(QueryPageInfoParser.java:49)
	at name.pehl.taoki.paging.AbstractPagingResource.getPageInfo(AbstractPagingResource.java:61)
	at name.pehl.taoki.paging.NumbersQueryResource.represent(NumbersQueryResource.java:20)
	at sun.reflect.NativeMethodAccessorImpl.invoke0(Native Method)
	at sun.reflect.NativeMethodAccessorImpl.invoke(NativeMethodAccessorImpl.java:57)
	at sun.reflect.DelegatingMethodAccessorImpl.invoke(DelegatingMethodAccessorImpl.java:43)
	at java.lang.reflect.Method.invoke(Method.java:616)
	at org.restlet.resource.ServerResource.doHandle(ServerResource.java:452)
	at org.restlet.resource.ServerResource.get(ServerResource.java:617)
	at org.restlet.resource.ServerResource.doHandle(ServerResource.java:499)
	at org.restlet.resource.ServerResource.doNegotiatedHandle(ServerResource.java:559)
	at org.restlet.resource.ServerResource.doConditionalHandle(ServerResource.java:291)
	at org.restlet.resource.ServerResource.handle(ServerResource.java:803)
	at org.restlet.resource.Finder.handle(Finder.java:514)
	at org.restlet.routing.Filter.doHandle(Filter.java:156)
	at org.restlet.routing.Filter.handle(Filter.java:203)
	at org.restlet.routing.Router.doHandle(Router.java:495)
	at org.restlet.routing.Router.handle(Router.java:735)
	at org.restlet.routing.Filter.doHandle(Filter.java:156)
	at org.restlet.routing.Filter.handle(Filter.java:203)
	at org.restlet.routing.Filter.doHandle(Filter.java:156)
	at org.restlet.routing.Filter.handle(Filter.java:203)
	at org.restlet.routing.Filter.doHandle(Filter.java:156)
	at org.restlet.engine.application.StatusFilter.doHandle(StatusFilter.java:152)
	at org.restlet.routing.Filter.handle(Filter.java:203)
	at org.restlet.routing.Filter.doHandle(Filter.java:156)
	at org.restlet.routing.Filter.handle(Filter.java:203)
	at org.restlet.engine.ChainHelper.handle(ChainHelper.java:111)
	at org.restlet.engine.application.ApplicationHelper.handle(ApplicationHelper.java:72)
	at org.restlet.Application.handle(Application.java:379)
	at org.restlet.routing.Filter.doHandle(Filter.java:156)
	at org.restlet.routing.Filter.handle(Filter.java:203)
	at org.restlet.routing.Router.doHandle(Router.java:495)
	at org.restlet.routing.Router.handle(Router.java:735)
	at org.restlet.routing.Filter.doHandle(Filter.java:156)
	at org.restlet.routing.Filter.handle(Filter.java:203)
	at org.restlet.routing.Router.doHandle(Router.java:495)
	at org.restlet.routing.Router.handle(Router.java:735)
	at org.restlet.routing.Filter.doHandle(Filter.java:156)
	at org.restlet.engine.application.StatusFilter.doHandle(StatusFilter.java:152)
	at org.restlet.routing.Filter.handle(Filter.java:203)
	at org.restlet.routing.Filter.doHandle(Filter.java:156)
	at org.restlet.routing.Filter.handle(Filter.java:203)
	at org.restlet.engine.ChainHelper.handle(ChainHelper.java:111)
	at org.restlet.Component.handle(Component.java:385)
	at org.restlet.Server.handle(Server.java:474)
	at org.restlet.engine.http.connector.BaseServerHelper.handle(BaseServerHelper.java:158)
	at org.restlet.engine.http.connector.BaseServerHelper.handleInbound(BaseServerHelper.java:167)
	at org.restlet.engine.http.connector.BaseHelper.handleNextInbound(BaseHelper.java:418)
	at org.restlet.engine.http.connector.Connection.readMessages(Connection.java:708)
	at org.restlet.engine.http.connector.Controller$2.run(Controller.java:94)
	at java.util.concurrent.ThreadPoolExecutor.runWorker(ThreadPoolExecutor.java:1110)
	at java.util.concurrent.ThreadPoolExecutor$Worker.run(ThreadPoolExecutor.java:603)
	at java.lang.Thread.run(Thread.java:636)
10.09.2010 14:09:36 org.restlet.engine.log.LogFilter afterHandle
INFO: 2010-09-10	14:09:36	127.0.0.1	-	-	1337	GET	/numbers	-	200	30	0	3	http://localhost:1337	Restlet-Framework/2.0rc4	-
10.09.2010 14:09:36 org.restlet.engine.http.connector.HttpServerHelper stop
INFO: Stopping the default HTTP server
10.09.2010 14:09:36 org.restlet.engine.http.connector.HttpServerHelper start
INFO: Starting the default [HTTP/1.1] server on port 1337
10.09.2010 14:09:36 org.restlet.engine.http.connector.HttpClientHelper start
INFO: Starting the default HTTP client
10.09.2010 14:09:36 name.pehl.taoki.paging.AbstractPagingResource getPageInfo
SCHWERWIEGEND: Could not read page info from "[(foo,null)]": Paging info contains the invalid offset: "null"
name.pehl.taoki.paging.parser.PageInfoParseException: Paging info contains the invalid offset: "null"
	at name.pehl.taoki.paging.parser.AbstractPageInfoParser.convertInt(AbstractPageInfoParser.java:46)
	at name.pehl.taoki.paging.parser.QueryPageInfoParser.parse(QueryPageInfoParser.java:49)
	at name.pehl.taoki.paging.AbstractPagingResource.getPageInfo(AbstractPagingResource.java:61)
	at name.pehl.taoki.paging.NumbersQueryResource.represent(NumbersQueryResource.java:20)
	at sun.reflect.NativeMethodAccessorImpl.invoke0(Native Method)
	at sun.reflect.NativeMethodAccessorImpl.invoke(NativeMethodAccessorImpl.java:57)
	at sun.reflect.DelegatingMethodAccessorImpl.invoke(DelegatingMethodAccessorImpl.java:43)
	at java.lang.reflect.Method.invoke(Method.java:616)
	at org.restlet.resource.ServerResource.doHandle(ServerResource.java:452)
	at org.restlet.resource.ServerResource.get(ServerResource.java:617)
	at org.restlet.resource.ServerResource.doHandle(ServerResource.java:499)
	at org.restlet.resource.ServerResource.doNegotiatedHandle(ServerResource.java:559)
	at org.restlet.resource.ServerResource.doConditionalHandle(ServerResource.java:291)
	at org.restlet.resource.ServerResource.handle(ServerResource.java:803)
	at org.restlet.resource.Finder.handle(Finder.java:514)
	at org.restlet.routing.Filter.doHandle(Filter.java:156)
	at org.restlet.routing.Filter.handle(Filter.java:203)
	at org.restlet.routing.Router.doHandle(Router.java:495)
	at org.restlet.routing.Router.handle(Router.java:735)
	at org.restlet.routing.Filter.doHandle(Filter.java:156)
	at org.restlet.routing.Filter.handle(Filter.java:203)
	at org.restlet.routing.Filter.doHandle(Filter.java:156)
	at org.restlet.routing.Filter.handle(Filter.java:203)
	at org.restlet.routing.Filter.doHandle(Filter.java:156)
	at org.restlet.engine.application.StatusFilter.doHandle(StatusFilter.java:152)
	at org.restlet.routing.Filter.handle(Filter.java:203)
	at org.restlet.routing.Filter.doHandle(Filter.java:156)
	at org.restlet.routing.Filter.handle(Filter.java:203)
	at org.restlet.engine.ChainHelper.handle(ChainHelper.java:111)
	at org.restlet.engine.application.ApplicationHelper.handle(ApplicationHelper.java:72)
	at org.restlet.Application.handle(Application.java:379)
	at org.restlet.routing.Filter.doHandle(Filter.java:156)
	at org.restlet.routing.Filter.handle(Filter.java:203)
	at org.restlet.routing.Router.doHandle(Router.java:495)
	at org.restlet.routing.Router.handle(Router.java:735)
	at org.restlet.routing.Filter.doHandle(Filter.java:156)
	at org.restlet.routing.Filter.handle(Filter.java:203)
	at org.restlet.routing.Router.doHandle(Router.java:495)
	at org.restlet.routing.Router.handle(Router.java:735)
	at org.restlet.routing.Filter.doHandle(Filter.java:156)
	at org.restlet.engine.application.StatusFilter.doHandle(StatusFilter.java:152)
	at org.restlet.routing.Filter.handle(Filter.java:203)
	at org.restlet.routing.Filter.doHandle(Filter.java:156)
	at org.restlet.routing.Filter.handle(Filter.java:203)
	at org.restlet.engine.ChainHelper.handle(ChainHelper.java:111)
	at org.restlet.Component.handle(Component.java:385)
	at org.restlet.Server.handle(Server.java:474)
	at org.restlet.engine.http.connector.BaseServerHelper.handle(BaseServerHelper.java:158)
	at org.restlet.engine.http.connector.BaseServerHelper.handleInbound(BaseServerHelper.java:167)
	at org.restlet.engine.http.connector.BaseHelper.handleNextInbound(BaseHelper.java:418)
	at org.restlet.engine.http.connector.Connection.readMessages(Connection.java:708)
	at org.restlet.engine.http.connector.Controller$2.run(Controller.java:94)
	at java.util.concurrent.ThreadPoolExecutor.runWorker(ThreadPoolExecutor.java:1110)
	at java.util.concurrent.ThreadPoolExecutor$Worker.run(ThreadPoolExecutor.java:603)
	at java.lang.Thread.run(Thread.java:636)
10.09.2010 14:09:36 org.restlet.engine.log.LogFilter afterHandle
INFO: 2010-09-10	14:09:36	127.0.0.1	-	-	1337	GET	/numbers	foo	200	30	0	5	http://localhost:1337	Restlet-Framework/2.0rc4	-
10.09.2010 14:09:36 org.restlet.engine.http.connector.HttpServerHelper stop
INFO: Stopping the default HTTP server
10.09.2010 14:09:36 org.restlet.engine.http.connector.HttpServerHelper start
INFO: Starting the default [HTTP/1.1] server on port 1337
10.09.2010 14:09:36 org.restlet.engine.http.connector.HttpClientHelper start
INFO: Starting the default HTTP client
10.09.2010 14:09:36 org.restlet.engine.log.LogFilter afterHandle
INFO: 2010-09-10	14:09:36	127.0.0.1	-	-	1337	GET	/numbers	offset=5&pageSize=19	200	97	0	4	http://localhost:1337	Restlet-Framework/2.0rc4	-
10.09.2010 14:09:36 org.restlet.engine.http.connector.HttpServerHelper stop
INFO: Stopping the default HTTP server
Tests run: 3, Failures: 0, Errors: 0, Skipped: 0, Time elapsed: 1.017 sec
Running name.pehl.taoki.TestComponent
Tests run: 1, Failures: 0, Errors: 1, Skipped: 0, Time elapsed: 0.007 sec <<< FAILURE!
Running name.pehl.taoki.security.HitchhikingResourceGetAnnotationIntegrationTest
10.09.2010 14:09:37 org.restlet.engine.http.connector.HttpServerHelper start
INFO: Starting the default [HTTP/1.1] server on port 1337
10.09.2010 14:09:37 org.restlet.engine.http.connector.HttpClientHelper start
INFO: Starting the default HTTP client
10.09.2010 14:09:37 org.restlet.engine.log.LogFilter afterHandle
INFO: 2010-09-10	14:09:37	127.0.0.1	-	-	1337	GET	/hitchhiking	-	403	314	0	1	http://localhost:1337	Restlet-Framework/2.0rc4	-
10.09.2010 14:09:37 org.restlet.engine.http.connector.HttpServerHelper stop
INFO: Stopping the default HTTP server
10.09.2010 14:09:37 org.restlet.engine.http.connector.HttpServerHelper start
INFO: Starting the default [HTTP/1.1] server on port 1337
10.09.2010 14:09:37 org.restlet.engine.http.connector.HttpClientHelper start
INFO: Starting the default HTTP client
10.09.2010 14:09:37 org.restlet.engine.log.LogFilter afterHandle
INFO: 2010-09-10	14:09:37	127.0.0.1	-	-	1337	GET	/hitchhiking	answer=41	403	314	0	2	http://localhost:1337	Restlet-Framework/2.0rc4	-
10.09.2010 14:09:37 org.restlet.engine.http.connector.HttpServerHelper stop
INFO: Stopping the default HTTP server
10.09.2010 14:09:37 org.restlet.engine.http.connector.HttpServerHelper start
INFO: Starting the default [HTTP/1.1] server on port 1337
10.09.2010 14:09:37 org.restlet.engine.http.connector.HttpClientHelper start
INFO: Starting the default HTTP client
10.09.2010 14:09:37 org.restlet.engine.log.LogFilter afterHandle
INFO: 2010-09-10	14:09:37	127.0.0.1	-	-	1337	GET	/hitchhiking	answer=42	200	9	0	3	http://localhost:1337	Restlet-Framework/2.0rc4	-
10.09.2010 14:09:38 org.restlet.engine.http.connector.HttpServerHelper stop
INFO: Stopping the default HTTP server
Tests run: 3, Failures: 0, Errors: 0, Skipped: 0, Time elapsed: 1.251 sec
Running name.pehl.taoki.paging.AbstractPagingResourceTest
10.09.2010 14:09:38 name.pehl.taoki.paging.AbstractPagingResource getPageInfo
SCHWERWIEGEND: Could not read page info from "foo": Expected exception from junit test method
name.pehl.taoki.paging.parser.PageInfoParseException: Expected exception from junit test method
	at org.easymock.internal.MockInvocationHandler.invoke(MockInvocationHandler.java:47)
	at org.easymock.internal.ObjectMethodsFilter.invoke(ObjectMethodsFilter.java:73)
	at $Proxy11.parse(Unknown Source)
	at name.pehl.taoki.paging.AbstractPagingResource.getPageInfo(AbstractPagingResource.java:61)
	at name.pehl.taoki.paging.AbstractPagingResourceTest.getPageInfoWithInvalidInput(AbstractPagingResourceTest.java:52)
	at sun.reflect.NativeMethodAccessorImpl.invoke0(Native Method)
	at sun.reflect.NativeMethodAccessorImpl.invoke(NativeMethodAccessorImpl.java:57)
	at sun.reflect.DelegatingMethodAccessorImpl.invoke(DelegatingMethodAccessorImpl.java:43)
	at java.lang.reflect.Method.invoke(Method.java:616)
	at org.junit.runners.model.FrameworkMethod$1.runReflectiveCall(FrameworkMethod.java:44)
	at org.junit.internal.runners.model.ReflectiveCallable.run(ReflectiveCallable.java:15)
	at org.junit.runners.model.FrameworkMethod.invokeExplosively(FrameworkMethod.java:41)
	at org.junit.internal.runners.statements.InvokeMethod.evaluate(InvokeMethod.java:20)
	at org.junit.runners.BlockJUnit4ClassRunner.runChild(BlockJUnit4ClassRunner.java:76)
	at org.junit.runners.BlockJUnit4ClassRunner.runChild(BlockJUnit4ClassRunner.java:50)
	at org.junit.runners.ParentRunner$3.run(ParentRunner.java:193)
	at org.junit.runners.ParentRunner$1.schedule(ParentRunner.java:52)
	at org.junit.runners.ParentRunner.runChildren(ParentRunner.java:191)
	at org.junit.runners.ParentRunner.access$000(ParentRunner.java:42)
	at org.junit.runners.ParentRunner$2.evaluate(ParentRunner.java:184)
	at org.junit.runners.ParentRunner.run(ParentRunner.java:236)
	at org.apache.maven.surefire.junit4.JUnit4TestSet.execute(JUnit4TestSet.java:59)
	at org.apache.maven.surefire.suite.AbstractDirectoryTestSuite.executeTestSet(AbstractDirectoryTestSuite.java:120)
	at org.apache.maven.surefire.suite.AbstractDirectoryTestSuite.execute(AbstractDirectoryTestSuite.java:103)
	at org.apache.maven.surefire.Surefire.run(Surefire.java:169)
	at sun.reflect.NativeMethodAccessorImpl.invoke0(Native Method)
	at sun.reflect.NativeMethodAccessorImpl.invoke(NativeMethodAccessorImpl.java:57)
	at sun.reflect.DelegatingMethodAccessorImpl.invoke(DelegatingMethodAccessorImpl.java:43)
	at java.lang.reflect.Method.invoke(Method.java:616)
	at org.apache.maven.surefire.booter.SurefireBooter.runSuitesInProcess(SurefireBooter.java:350)
	at org.apache.maven.surefire.booter.SurefireBooter.main(SurefireBooter.java:1021)
Tests run: 4, Failures: 0, Errors: 0, Skipped: 0, Time elapsed: 0.214 sec

Results :

Tests in error: 
  initializationError(name.pehl.taoki.TestComponent)

Tests run: 47, Failures: 0, Errors: 1, Skipped: 0

[INFO] ------------------------------------------------------------------------
[ERROR] BUILD FAILURE
[INFO] ------------------------------------------------------------------------
[INFO] There are test failures.

Please refer to /home/pehlh/Projekte/GoogleCode/Taoki/impl/target/surefire-reports for the individual test results.
[INFO] ------------------------------------------------------------------------
[INFO] For more information, run Maven with the -e switch
[INFO] ------------------------------------------------------------------------
[INFO] Total time: 12 seconds
[INFO] Finished at: Fri Sep 10 14:09:38 CEST 2010
[INFO] Final Memory: 15M/162M
[INFO] ------------------------------------------------------------------------
